Build started 7/10/2017 8:42:27 PM.
     1>Project "C:\Work\Prof. Michael\emd\emd\emd\emd.vcxproj" on node 2 (build target(s)).
     1>InitializeBuildStatus:
         Creating "Release\emd.unsuccessfulbuild" because "AlwaysCreate" was specified.
       ClCompile:
         c:\Program Files (x86)\Microsoft Visual Studio 10.0\VC\bin\CL.exe /c /Zi /nologo /W3 /WX- /O2 /Oi /Oy- /GL /D _MBCS /Gm- /EHsc /MD /GS /Gy /fp:precise /Zc:wchar_t /Zc:forScope /Fo"Release\\" /Fd"Release\vc100.pdb" /Gd /TP /analyze- /errorReport:prompt ..\..\emd.cpp
         emd.cpp
     1>..\..\emd.cpp(159): warning C4244: '=' : conversion from 'double' to 'float', possible loss of data
     1>..\..\emd.cpp(243): warning C4244: '=' : conversion from 'double' to 'float', possible loss of data
     1>..\..\emd.cpp(330): warning C4244: '=' : conversion from 'double' to 'float', possible loss of data
     1>..\..\emd.cpp(429): warning C4244: 'return' : conversion from 'double' to 'float', possible loss of data
     1>..\..\emd.cpp(1034): warning C4244: 'return' : conversion from 'double' to 'float', possible loss of data
     1>..\..\emd.cpp(1047): warning C4305: 'initializing' : truncation from 'double' to 'float'
     1>..\..\emd.cpp(1047): warning C4305: 'initializing' : truncation from 'double' to 'float'
     1>..\..\emd.cpp(1047): warning C4305: 'initializing' : truncation from 'double' to 'float'
     1>..\..\emd.cpp(1047): warning C4305: 'initializing' : truncation from 'double' to 'float'
     1>..\..\emd.cpp(1048): warning C4305: 'initializing' : truncation from 'double' to 'float'
     1>..\..\emd.cpp(1048): warning C4305: 'initializing' : truncation from 'double' to 'float'
     1>..\..\emd.cpp(1048): warning C4305: 'initializing' : truncation from 'double' to 'float'
     1>..\..\emd.cpp(1048): warning C4305: 'initializing' : truncation from 'double' to 'float'
       Link:
         c:\Program Files (x86)\Microsoft Visual Studio 10.0\VC\bin\link.exe /ERRORREPORT:PROMPT /OUT:"C:\Work\Prof. Michael\emd\emd\Release\emd.exe" /NOLOGO kernel32.lib user32.lib gdi32.lib winspool.lib comdlg32.lib advapi32.lib shell32.lib ole32.lib oleaut32.lib uuid.lib odbc32.lib odbccp32.lib /MANIFEST /ManifestFile:"Release\emd.exe.intermediate.manifest" /MANIFESTUAC:"level='asInvoker' uiAccess='false'" /DEBUG /PDB:"C:\Work\Prof. Michael\emd\emd\Release\emd.pdb" /OPT:REF /OPT:ICF /LTCG /TLBID:1 /DYNAMICBASE /NXCOMPAT /IMPLIB:"C:\Work\Prof. Michael\emd\emd\Release\emd.lib" /MACHINE:X86 Release\emd.obj
         Generating code
         Finished generating code
         emd.vcxproj -> C:\Work\Prof. Michael\emd\emd\Release\emd.exe
       Manifest:
         c:\Program Files (x86)\Microsoft SDKs\Windows\v7.0A\bin\mt.exe /nologo /verbose /outputresource:"C:\Work\Prof. Michael\emd\emd\Release\emd.exe;#1" /manifest Release\emd.exe.intermediate.manifest
       FinalizeBuildStatus:
         Deleting file "Release\emd.unsuccessfulbuild".
         Touching "Release\emd.lastbuildstate".
     1>Done Building Project "C:\Work\Prof. Michael\emd\emd\emd\emd.vcxproj" (build target(s)).

Build succeeded.

Time Elapsed 00:00:05.65
