Build started 6/15/2017 3:09:45 AM.
     1>Project "C:\Work\Prof. Michael\emd\emd\emd\emd.vcxproj" on node 2 (build target(s)).
     1>InitializeBuildStatus:
         Creating "Debug\emd.unsuccessfulbuild" because "AlwaysCreate" was specified.
       ClCompile:
         c:\Program Files (x86)\Microsoft Visual Studio 10.0\VC\bin\CL.exe /c /ZI /nologo /W3 /WX- /Od /Oy- /D _MBCS /Gm /EHsc /RTC1 /MDd /GS /fp:precise /Zc:wchar_t /Zc:forScope /Fo"Debug\\" /Fd"Debug\vc100.pdb" /Gd /TP /analyze- /errorReport:prompt ..\..\emd.cpp
         emd.cpp
     1>c:\work\prof. michael\emd\emd.cpp(159): warning C4244: '=' : conversion from 'double' to 'float', possible loss of data
     1>c:\work\prof. michael\emd\emd.cpp(244): warning C4244: '=' : conversion from 'double' to 'float', possible loss of data
     1>c:\work\prof. michael\emd\emd.cpp(333): warning C4244: '=' : conversion from 'double' to 'float', possible loss of data
     1>c:\work\prof. michael\emd\emd.cpp(434): warning C4244: 'return' : conversion from 'double' to 'float', possible loss of data
     1>c:\work\prof. michael\emd\emd.cpp(1039): warning C4244: 'return' : conversion from 'double' to 'float', possible loss of data
     1>c:\work\prof. michael\emd\emd.cpp(1050): warning C4305: 'initializing' : truncation from 'double' to 'float'
     1>c:\work\prof. michael\emd\emd.cpp(1050): warning C4305: 'initializing' : truncation from 'double' to 'float'
     1>c:\work\prof. michael\emd\emd.cpp(1050): warning C4305: 'initializing' : truncation from 'double' to 'float'
     1>c:\work\prof. michael\emd\emd.cpp(1050): warning C4305: 'initializing' : truncation from 'double' to 'float'
     1>c:\work\prof. michael\emd\emd.cpp(1051): warning C4305: 'initializing' : truncation from 'double' to 'float'
     1>c:\work\prof. michael\emd\emd.cpp(1051): warning C4305: 'initializing' : truncation from 'double' to 'float'
     1>c:\work\prof. michael\emd\emd.cpp(1051): warning C4305: 'initializing' : truncation from 'double' to 'float'
     1>c:\work\prof. michael\emd\emd.cpp(1051): warning C4305: 'initializing' : truncation from 'double' to 'float'
       Link:
         c:\Program Files (x86)\Microsoft Visual Studio 10.0\VC\bin\link.exe /ERRORREPORT:PROMPT /OUT:"C:\Work\Prof. Michael\emd\emd\Debug\emd.exe" /NOLOGO kernel32.lib user32.lib gdi32.lib winspool.lib comdlg32.lib advapi32.lib shell32.lib ole32.lib oleaut32.lib uuid.lib odbc32.lib odbccp32.lib /MANIFEST /ManifestFile:"Debug\emd.exe.intermediate.manifest" /MANIFESTUAC:"level='asInvoker' uiAccess='false'" /DEBUG /PDB:"C:\Work\Prof. Michael\emd\emd\Debug\emd.pdb" /TLBID:1 /DYNAMICBASE /NXCOMPAT /IMPLIB:"C:\Work\Prof. Michael\emd\emd\Debug\emd.lib" /MACHINE:X86 Debug\emd.obj
         LINK : C:\Work\Prof. Michael\emd\emd\Debug\emd.exe not found or not built by the last incremental link; performing full link
         emd.vcxproj -> C:\Work\Prof. Michael\emd\emd\Debug\emd.exe
       Manifest:
         c:\Program Files (x86)\Microsoft SDKs\Windows\v7.0A\bin\mt.exe /nologo /verbose /outputresource:"C:\Work\Prof. Michael\emd\emd\Debug\emd.exe;#1" /manifest Debug\emd.exe.intermediate.manifest
       FinalizeBuildStatus:
         Deleting file "Debug\emd.unsuccessfulbuild".
         Touching "Debug\emd.lastbuildstate".
     1>Done Building Project "C:\Work\Prof. Michael\emd\emd\emd\emd.vcxproj" (build target(s)).

Build succeeded.

Time Elapsed 00:00:01.85
